[Thu, 08 Dec 2016 09:06:02 +0000] [/wp-admin/admin.php?page=w3tc_general&w3tc_message=58492279d742c] [http://www.evocrm.co.uk/wp-admin/admin.php?page=w3tc_general&w3tc_note=preview_disable] skip processing because of generic constant
[Thu, 08 Dec 2016 09:06:05 +0000] [/wp-content/cache/minify/1175307114w3tc_rewrite_test.css] [http://www.evocrm.co.uk/wp-content/cache/minify/1175307114w3tc_rewrite_test.css] start, can_cache: false
[Thu, 08 Dec 2016 09:06:05 +0000] [/w3tc_rewrite_test1505460086] [http://www.evocrm.co.uk/w3tc_rewrite_test1505460086] start, can_cache: false
[Thu, 08 Dec 2016 09:06:07 +0000] [/wp-admin/admin.php?page=w3tc_general&w3tc_message=58492279d742c] [http://www.evocrm.co.uk/wp-admin/admin.php?page=w3tc_general&w3tc_message=58492279d742c] skip processing because of generic constant
[Thu, 08 Dec 2016 09:06:09 +0000] [/wp-content/cache/minify/1077625573w3tc_rewrite_test.css] [http://www.evocrm.co.uk/wp-content/cache/minify/1077625573w3tc_rewrite_test.css] start, can_cache: false
[Thu, 08 Dec 2016 09:06:10 +0000] [/w3tc_rewrite_test844186191] [http://www.evocrm.co.uk/w3tc_rewrite_test844186191] start, can_cache: false
[Thu, 08 Dec 2016 09:06:27 +0000] [/wp-admin/admin.php?w3tc_flush_posts=y&page=w3tc_general&_wpnonce=25e9d645a0] [http://www.evocrm.co.uk/wp-admin/admin.php?page=w3tc_general&w3tc_message=58492279d742c] skip processing because of generic constant
[Thu, 08 Dec 2016 09:06:30 +0000] [/wp-admin/admin.php?page=w3tc_general&w3tc_message=58492279d742c&w3tc_note=flush_pgcache] [http://www.evocrm.co.uk/wp-admin/admin.php?page=w3tc_general&w3tc_message=58492279d742c] skip processing because of generic constant
[Thu, 08 Dec 2016 09:06:31 +0000] [/wp-admin/admin.php?w3tc_flush_minify=y&page=w3tc_general&_wpnonce=25e9d645a0] [http://www.evocrm.co.uk/wp-admin/admin.php?page=w3tc_general&w3tc_message=58492279d742c] skip processing because of generic constant
[Thu, 08 Dec 2016 09:06:32 +0000] [/wp-content/cache/minify/952837589w3tc_rewrite_test.css] [http://www.evocrm.co.uk/wp-content/cache/minify/952837589w3tc_rewrite_test.css] start, can_cache: false
[Thu, 08 Dec 2016 09:06:33 +0000] [/w3tc_rewrite_test1240220920] [http://www.evocrm.co.uk/w3tc_rewrite_test1240220920] start, can_cache: false
[Thu, 08 Dec 2016 09:06:33 +0000] [/wp-admin/admin.php?page=w3tc_general&w3tc_message=58492279d742c&w3tc_note=flush_minify] [http://www.evocrm.co.uk/wp-admin/admin.php?page=w3tc_general&w3tc_message=58492279d742c] skip processing because of generic constant
[Thu, 08 Dec 2016 09:06:36 +0000] [/wp-content/cache/minify/804318249w3tc_rewrite_test.css] [http://www.evocrm.co.uk/wp-content/cache/minify/804318249w3tc_rewrite_test.css] start, can_cache: false
[Thu, 08 Dec 2016 09:06:37 +0000] [/w3tc_rewrite_test1610925941] [http://www.evocrm.co.uk/w3tc_rewrite_test1610925941] start, can_cache: false
[Thu, 08 Dec 2016 09:06:38 +0000] [/wp-admin/admin.php?page=w3tc_general&w3tc_message=58492279d742c&w3tc_note=flush_minify] [http://www.evocrm.co.uk/wp-admin/admin.php?page=w3tc_general&w3tc_message=58492279d742c&w3tc_note=flush_minify] skip processing because of generic constant
[Thu, 08 Dec 2016 09:06:41 +0000] [/wp-content/cache/minify/186939755w3tc_rewrite_test.css] [http://www.evocrm.co.uk/wp-content/cache/minify/186939755w3tc_rewrite_test.css] start, can_cache: false
[Thu, 08 Dec 2016 09:06:42 +0000] [/w3tc_rewrite_test1802605571] [http://www.evocrm.co.uk/w3tc_rewrite_test1802605571] start, can_cache: false
[Thu, 08 Dec 2016 09:06:58 +0000] [/wp-admin/admin-ajax.php] [http://www.evocrm.co.uk/wp-admin/admin.php?page=Wordfence] skip processing because of generic constant
[Thu, 08 Dec 2016 09:07:35 +0000] [/wp-admin/admin.php?page=w3tc_general] [http://www.evocrm.co.uk/wp-admin/admin.php?page=w3tc_general&w3tc_message=58492279d742c&w3tc_note=flush_minify] skip processing because of generic constant
[Thu, 08 Dec 2016 09:07:38 +0000] [/wp-admin/admin.php?page=w3tc_general&w3tc_message=584922d9a0b35] [http://www.evocrm.co.uk/wp-admin/admin.php?page=w3tc_general&w3tc_message=58492279d742c&w3tc_note=flush_minify] skip processing because of generic constant
[Thu, 08 Dec 2016 09:07:40 +0000] [/wp-content/cache/minify/1863460199w3tc_rewrite_test.css] [http://www.evocrm.co.uk/wp-content/cache/minify/1863460199w3tc_rewrite_test.css] start, can_cache: false
[Thu, 08 Dec 2016 09:07:41 +0000] [/w3tc_rewrite_test179460413] [http://www.evocrm.co.uk/w3tc_rewrite_test179460413] start, can_cache: false
[Thu, 08 Dec 2016 09:07:43 +0000] [/wp-admin/admin.php?page=w3tc_general&w3tc_message=584922d9a0b35] [http://www.evocrm.co.uk/wp-admin/admin.php?page=w3tc_general&w3tc_message=584922d9a0b35] skip processing because of generic constant
[Thu, 08 Dec 2016 09:07:45 +0000] [/wp-content/cache/minify/759440890w3tc_rewrite_test.css] [http://www.evocrm.co.uk/wp-content/cache/minify/759440890w3tc_rewrite_test.css] start, can_cache: false
[Thu, 08 Dec 2016 09:07:46 +0000] [/w3tc_rewrite_test1322373115] [http://www.evocrm.co.uk/w3tc_rewrite_test1322373115] start, can_cache: false
[Thu, 08 Dec 2016 09:08:02 +0000] [/wp-admin/admin.php?page=w3tc_general] [http://www.evocrm.co.uk/wp-admin/admin.php?page=w3tc_general&w3tc_message=584922d9a0b35] skip processing because of generic constant
[Thu, 08 Dec 2016 09:08:05 +0000] [/wp-admin/admin.php?page=w3tc_general&w3tc_message=584922f48d87b] [http://www.evocrm.co.uk/wp-admin/admin.php?page=w3tc_general&w3tc_message=584922d9a0b35] skip processing because of generic constant
[Thu, 08 Dec 2016 09:08:07 +0000] [/wp-content/cache/minify/2084643105w3tc_rewrite_test.css] [http://www.evocrm.co.uk/wp-content/cache/minify/2084643105w3tc_rewrite_test.css] start, can_cache: false
[Thu, 08 Dec 2016 09:08:08 +0000] [/w3tc_rewrite_test139165274] [http://www.evocrm.co.uk/w3tc_rewrite_test139165274] start, can_cache: false
[Thu, 08 Dec 2016 09:08:11 +0000] [/wp-admin/admin.php?page=w3tc_general&w3tc_message=584922f48d87b] [http://www.evocrm.co.uk/wp-admin/admin.php?page=w3tc_general&w3tc_message=584922f48d87b] skip processing because of generic constant
[Thu, 08 Dec 2016 09:08:13 +0000] [/wp-content/cache/minify/1316025511w3tc_rewrite_test.css] [http://www.evocrm.co.uk/wp-content/cache/minify/1316025511w3tc_rewrite_test.css] start, can_cache: false
[Thu, 08 Dec 2016 09:08:14 +0000] [/w3tc_rewrite_test1416652589] [http://www.evocrm.co.uk/w3tc_rewrite_test1416652589] start, can_cache: false
[Thu, 08 Dec 2016 09:08:21 +0000] [/wp-admin/admin.php?page=w3tc_general] [http://www.evocrm.co.uk/wp-admin/admin.php?page=w3tc_general&w3tc_message=584922f48d87b] skip processing because of generic constant
[Thu, 08 Dec 2016 09:08:23 +0000] [/wp-admin/admin.php?page=w3tc_general&w3tc_message=5849230765632] [http://www.evocrm.co.uk/wp-admin/admin.php?page=w3tc_general&w3tc_message=584922f48d87b] skip processing because of generic constant
[Thu, 08 Dec 2016 09:08:26 +0000] [/wp-content/cache/minify/1636606732w3tc_rewrite_test.css] [http://www.evocrm.co.uk/wp-content/cache/minify/1636606732w3tc_rewrite_test.css] start, can_cache: false
[Thu, 08 Dec 2016 09:08:27 +0000] [/w3tc_rewrite_test2041231038] [http://www.evocrm.co.uk/w3tc_rewrite_test2041231038] start, can_cache: false
[Thu, 08 Dec 2016 09:08:28 +0000] [/wp-admin/admin.php?page=w3tc_general&w3tc_message=5849230765632] [http://www.evocrm.co.uk/wp-admin/admin.php?page=w3tc_general&w3tc_message=5849230765632] skip processing because of generic constant
[Thu, 08 Dec 2016 09:08:31 +0000] [/wp-content/cache/minify/1722089371w3tc_rewrite_test.css] [http://www.evocrm.co.uk/wp-content/cache/minify/1722089371w3tc_rewrite_test.css] start, can_cache: false
[Thu, 08 Dec 2016 09:08:31 +0000] [/w3tc_rewrite_test654155982] [http://www.evocrm.co.uk/w3tc_rewrite_test654155982] start, can_cache: false
[Thu, 08 Dec 2016 09:08:39 +0000] [/wp-admin/admin.php?page=w3tc_browsercache] [http://www.evocrm.co.uk/wp-admin/admin.php?page=w3tc_general&w3tc_message=584922f48d87b] skip processing because of generic constant
[Thu, 08 Dec 2016 09:08:42 +0000] [/wp-content/cache/minify/1314472388w3tc_rewrite_test.css] [http://www.evocrm.co.uk/wp-content/cache/minify/1314472388w3tc_rewrite_test.css] start, can_cache: false
[Thu, 08 Dec 2016 09:08:42 +0000] [/w3tc_rewrite_test1356998489] [http://www.evocrm.co.uk/w3tc_rewrite_test1356998489] start, can_cache: false
[Thu, 08 Dec 2016 09:08:44 +0000] [/wp-admin/admin.php?page=w3tc_browsercache] [http://www.evocrm.co.uk/wp-admin/admin.php?page=w3tc_browsercache] skip processing because of generic constant
[Thu, 08 Dec 2016 09:08:46 +0000] [/wp-content/cache/minify/287140414w3tc_rewrite_test.css] [http://www.evocrm.co.uk/wp-content/cache/minify/287140414w3tc_rewrite_test.css] start, can_cache: false
[Thu, 08 Dec 2016 09:08:47 +0000] [/w3tc_rewrite_test1829211503] [http://www.evocrm.co.uk/w3tc_rewrite_test1829211503] start, can_cache: false
[Thu, 08 Dec 2016 09:08:58 +0000] [/wp-admin/admin-ajax.php] [http://www.evocrm.co.uk/wp-admin/admin.php?page=Wordfence] skip processing because of generic constant
[Thu, 08 Dec 2016 09:09:41 +0000] [/wp-admin/admin-ajax.php] [http://www.evocrm.co.uk/wp-admin/admin.php?page=w3tc_general&w3tc_message=5849230765632] skip processing because of generic constant
[Thu, 08 Dec 2016 09:09:47 +0000] [/wp-admin/admin.php?page=w3tc_browsercache] [http://www.evocrm.co.uk/wp-admin/admin.php?page=w3tc_browsercache] skip processing because of generic constant
[Thu, 08 Dec 2016 09:09:51 +0000] [/wp-admin/admin-ajax.php] [http://www.evocrm.co.uk/wp-admin/admin.php?page=w3tc_browsercache] skip processing because of generic constant
[Thu, 08 Dec 2016 09:09:51 +0000] [/wp-admin/admin.php?page=w3tc_browsercache&w3tc_message=5849235f10b7d] [http://www.evocrm.co.uk/wp-admin/admin.php?page=w3tc_browsercache] skip processing because of generic constant
[Thu, 08 Dec 2016 09:09:54 +0000] [/wp-content/cache/minify/983068973w3tc_rewrite_test.css] [http://www.evocrm.co.uk/wp-content/cache/minify/983068973w3tc_rewrite_test.css] start, can_cache: false
[Thu, 08 Dec 2016 09:09:54 +0000] [/w3tc_rewrite_test294211244] [http://www.evocrm.co.uk/w3tc_rewrite_test294211244] start, can_cache: false
[Thu, 08 Dec 2016 09:09:56 +0000] [/wp-admin/admin.php?page=w3tc_browsercache&w3tc_message=5849235f10b7d] [http://www.evocrm.co.uk/wp-admin/admin.php?page=w3tc_browsercache&w3tc_message=5849235f10b7d] skip processing because of generic constant
[Thu, 08 Dec 2016 09:09:58 +0000] [/wp-content/cache/minify/1882613769w3tc_rewrite_test.css] [http://www.evocrm.co.uk/wp-content/cache/minify/1882613769w3tc_rewrite_test.css] start, can_cache: false
[Thu, 08 Dec 2016 09:09:59 +0000] [/w3tc_rewrite_test269546133] [http://www.evocrm.co.uk/w3tc_rewrite_test269546133] start, can_cache: false
[Thu, 08 Dec 2016 09:10:46 +0000] [/wp-admin/admin.php?w3tc_flush_minify=y&page=w3tc_browsercache&_wpnonce=25e9d645a0] [http://www.evocrm.co.uk/wp-admin/admin.php?page=w3tc_browsercache&w3tc_message=5849235f10b7d] skip processing because of generic constant
[Thu, 08 Dec 2016 09:10:49 +0000] [/wp-admin/admin.php?page=w3tc_browsercache&w3tc_message=5849235f10b7d&w3tc_note=flush_minify] [http://www.evocrm.co.uk/wp-admin/admin.php?page=w3tc_browsercache&w3tc_message=5849235f10b7d] skip processing because of generic constant
[Thu, 08 Dec 2016 09:10:52 +0000] [/wp-content/cache/minify/313237919w3tc_rewrite_test.css] [http://www.evocrm.co.uk/wp-content/cache/minify/313237919w3tc_rewrite_test.css] start, can_cache: false
[Thu, 08 Dec 2016 09:10:53 +0000] [/w3tc_rewrite_test403522951] [http://www.evocrm.co.uk/w3tc_rewrite_test403522951] start, can_cache: false
[Thu, 08 Dec 2016 09:10:54 +0000] [/wp-admin/admin.php?page=w3tc_browsercache&w3tc_message=5849235f10b7d&w3tc_note=flush_minify] [http://www.evocrm.co.uk/wp-admin/admin.php?page=w3tc_browsercache&w3tc_message=5849235f10b7d&w3tc_note=flush_minify] skip processing because of generic constant
[Thu, 08 Dec 2016 09:10:57 +0000] [/wp-content/cache/minify/1810409019w3tc_rewrite_test.css] [http://www.evocrm.co.uk/wp-content/cache/minify/1810409019w3tc_rewrite_test.css] start, can_cache: false
[Thu, 08 Dec 2016 09:10:58 +0000] [/w3tc_rewrite_test374883537] [http://www.evocrm.co.uk/w3tc_rewrite_test374883537] start, can_cache: false
[Thu, 08 Dec 2016 09:10:58 +0000] [/wp-admin/admin-ajax.php] [http://www.evocrm.co.uk/wp-admin/admin.php?page=Wordfence] skip processing because of generic constant
[Thu, 08 Dec 2016 09:11:05 +0000] [/wp-admin/admin.php?w3tc_flush_statics=y&page=w3tc_browsercache&_wpnonce=25e9d645a0] [http://www.evocrm.co.uk/wp-admin/admin.php?page=w3tc_browsercache&w3tc_message=5849235f10b7d&w3tc_note=flush_minify] skip processing because of generic constant
[Thu, 08 Dec 2016 09:11:08 +0000] [/wp-admin/admin.php?page=w3tc_browsercache&w3tc_message=584923ab83ce9] [http://www.evocrm.co.uk/wp-admin/admin.php?page=w3tc_browsercache&w3tc_message=5849235f10b7d&w3tc_note=flush_minify] skip processing because of generic constant
[Thu, 08 Dec 2016 09:11:10 +0000] [/wp-content/cache/minify/1092900421w3tc_rewrite_test.css] [http://www.evocrm.co.uk/wp-content/cache/minify/1092900421w3tc_rewrite_test.css] start, can_cache: false
[Thu, 08 Dec 2016 09:11:11 +0000] [/w3tc_rewrite_test1460417040] [http://www.evocrm.co.uk/w3tc_rewrite_test1460417040] start, can_cache: false
[Thu, 08 Dec 2016 09:11:15 +0000] [/wp-admin/admin.php?page=w3tc_browsercache&w3tc_message=584923ab83ce9] [http://www.evocrm.co.uk/wp-admin/admin.php?page=w3tc_browsercache&w3tc_message=584923ab83ce9] skip processing because of generic constant
[Thu, 08 Dec 2016 09:11:17 +0000] [/wp-content/cache/minify/1343437017w3tc_rewrite_test.css] [http://www.evocrm.co.uk/wp-content/cache/minify/1343437017w3tc_rewrite_test.css] start, can_cache: false
[Thu, 08 Dec 2016 09:11:18 +0000] [/w3tc_rewrite_test1451317986] [http://www.evocrm.co.uk/w3tc_rewrite_test1451317986] start, can_cache: false
[Thu, 08 Dec 2016 09:11:21 +0000] [/] [http://www.evocrm.co.uk/wp-admin/admin.php?page=w3tc_browsercache&w3tc_message=5849235f10b7d&w3tc_note=flush_minify] start, can_cache: false
[Thu, 08 Dec 2016 09:11:24 +0000] [/] [http://www.evocrm.co.uk/wp-admin/admin.php?page=w3tc_browsercache&w3tc_message=5849235f10b7d&w3tc_note=flush_minify] storing cached page: false original false reason User is logged in
[Thu, 08 Dec 2016 09:11:25 +0000] [/wp-content/cache/minify/ca30e.css] [http://www.evocrm.co.uk/] start, can_cache: false
[Thu, 08 Dec 2016 09:11:25 +0000] [/wp-content/cache/minify/bbadf.js] [http://www.evocrm.co.uk/] start, can_cache: false
[Thu, 08 Dec 2016 09:11:25 +0000] [/wp-content/cache/minify/cb369.js] [http://www.evocrm.co.uk/] start, can_cache: false
[Thu, 08 Dec 2016 09:11:26 +0000] [/wp-content/cache/minify/cb369.js] [http://www.evocrm.co.uk/] storing cached page - not a cached content
[Thu, 08 Dec 2016 09:11:26 +0000] [/wp-content/cache/minify/bbadf.js] [http://www.evocrm.co.uk/] storing cached page - not a cached content
[Thu, 08 Dec 2016 09:11:26 +0000] [/wp-content/cache/minify/5c67e.js] [http://www.evocrm.co.uk/] start, can_cache: false
[Thu, 08 Dec 2016 09:11:26 +0000] [/wp-content/cache/minify/eefeb.js] [http://www.evocrm.co.uk/] start, can_cache: false
[Thu, 08 Dec 2016 09:11:27 +0000] [/wp-content/cache/minify/eefeb.js] [http://www.evocrm.co.uk/] storing cached page - not a cached content
[Thu, 08 Dec 2016 09:11:28 +0000] [/wp-content/cache/minify/5c67e.js] [http://www.evocrm.co.uk/] storing cached page - not a cached content
[Thu, 08 Dec 2016 09:11:28 +0000] [/wp-content/cache/minify/ca30e.css] [http://www.evocrm.co.uk/] storing cached page - not a cached content
[Thu, 08 Dec 2016 09:11:41 +0000] [/wp-admin/admin-ajax.php] [http://www.evocrm.co.uk/wp-admin/admin.php?page=w3tc_general&w3tc_message=5849230765632] skip processing because of generic constant
[Thu, 08 Dec 2016 09:11:49 +0000] [/vehicles/] [http://www.evocrm.co.uk/] start, can_cache: false
[Thu, 08 Dec 2016 09:11:53 +0000] [/vehicles/] [http://www.evocrm.co.uk/] storing cached page: false original false reason User is logged in
[Thu, 08 Dec 2016 09:11:53 +0000] [/wp-content/cache/minify/bbadf.js] [http://www.evocrm.co.uk/vehicles/] start, can_cache: false
[Thu, 08 Dec 2016 09:11:53 +0000] [/wp-content/cache/minify/5c67e.js] [http://www.evocrm.co.uk/vehicles/] start, can_cache: false
[Thu, 08 Dec 2016 09:11:53 +0000] [/wp-content/cache/minify/eefeb.js] [http://www.evocrm.co.uk/vehicles/] start, can_cache: false
[Thu, 08 Dec 2016 09:11:54 +0000] [/wp-content/cache/minify/eefeb.js] [http://www.evocrm.co.uk/vehicles/] storing cached page - not a cached content
[Thu, 08 Dec 2016 09:11:54 +0000] [/wp-content/cache/minify/bbadf.js] [http://www.evocrm.co.uk/vehicles/] storing cached page - not a cached content
[Thu, 08 Dec 2016 09:11:54 +0000] [/wp-content/cache/minify/5c67e.js] [http://www.evocrm.co.uk/vehicles/] storing cached page - not a cached content
[Thu, 08 Dec 2016 09:11:55 +0000] [/wp-content/cache/minify/ca30e.css] [http://www.evocrm.co.uk/vehicles/] start, can_cache: false
[Thu, 08 Dec 2016 09:11:57 +0000] [/wp-content/cache/minify/ca30e.css] [http://www.evocrm.co.uk/vehicles/] storing cached page - not a cached content
[Thu, 08 Dec 2016 09:12:05 +0000] [/wp-admin/admin-ajax.php] [http://www.evocrm.co.uk/wp-admin/admin.php?page=Wordfence] skip processing because of generic constant
[Thu, 08 Dec 2016 09:12:05 +0000] [/wp-admin/admin-ajax.php] [http://www.evocrm.co.uk/wp-admin/admin.php?page=Wordfence] skip processing because of generic constant
[Thu, 08 Dec 2016 09:12:07 +0000] [/wp-admin/admin-ajax.php] [http://www.evocrm.co.uk/wp-admin/admin.php?page=Wordfence] skip processing because of generic constant
[Thu, 08 Dec 2016 09:12:08 +0000] [/wp-admin/plugins.php] [http://www.evocrm.co.uk/wp-admin/admin.php?page=Wordfence] skip processing because of generic constant
[Thu, 08 Dec 2016 09:12:12 +0000] [/wp-admin/plugins.php] [http://www.evocrm.co.uk/wp-admin/plugins.php] skip processing because of generic constant
[Thu, 08 Dec 2016 09:12:22 +0000] [/wp-admin/admin-ajax.php] [http://www.evocrm.co.uk/wp-admin/admin.php?page=w3tc_browsercache&w3tc_message=584923ab83ce9] skip processing because of generic constant
[Thu, 08 Dec 2016 09:12:36 +0000] [/wp-admin/plugins.php] [http://www.evocrm.co.uk/wp-admin/plugins.php] skip processing because of generic constant
